<?xml version="1.0" encoding="UTF-8"?>
<testng-results skipped="0" failed="0" ignored="0" total="1" passed="1">
  <reporter-output>
  </reporter-output>
  <suite name="Default suite" duration-ms="18093" started-at="2017-08-08T16:09:17Z" finished-at="2017-08-08T16:09:35Z">
    <groups>
    </groups>
    <test name="Default test" duration-ms="18093" started-at="2017-08-08T16:09:17Z" finished-at="2017-08-08T16:09:35Z">
      <class name="com.git.TestGIT">
        <test-method status="PASS" signature="Login()[pri:0, instance:com.git.TestGIT@6a4f787b]" name="Login" duration-ms="18046" started-at="2017-08-08T21:39:17Z" finished-at="2017-08-08T21:39:35Z">
          <reporter-output>
          </reporter-output>
        </test-method> <!-- Login -->
      </class> <!-- com.git.TestGIT -->
    </test> <!-- Default test -->
  </suite> <!-- Default suite -->
</testng-results>
